[TIME]:2017-01-13 13:57:04ERROR:出错啦！
[TIME]:2017-01-13 13:57:43ERROR:出错啦！
[TIME]:2017-01-13 13:58:41ERROR:出错啦！
[TIME]:2017-01-13 14:01:32ERROR:出错啦！
[TIME]:2017-01-13 14:04:53ERROR:出错啦！
[TIME]:2017-01-13 15:00:56ERROR:出错了
[TIME]:2017-01-13 15:01:01ERROR:出错了
[TIME]:2017-01-13 15:01:35ERROR:出错了
[TIME]:2017-01-13 15:01:47ERROR:出错了
[TIME]:2017-01-13 15:02:26ERROR:出错了
[TIME]:2017-01-13 15:02:51ERROR:出错了
[TIME]:2017-01-13 15:03:51ERROR:出错了
[TIME]:2017-01-13 15:03:56ERROR:出错了
[TIME]:2017-01-13 15:04:23ERROR:出错了
[TIME]:2017-01-13 15:07:20ERROR:出错了
[TIME]:2017-01-13 15:08:52ERROR:出错了
[TIME]:2017-01-13 15:09:18ERROR:出错了
[TIME]:2017-01-13 15:09:54ERROR:出错了
[TIME]:2017-01-13 15:10:18ERROR:出错了
[TIME]:2017-01-13 15:15:56ERROR:出错了
[TIME]:2017-01-13 15:16:35ERROR:出错了
[TIME]:2017-01-13 15:17:18ERROR:出错了
[TIME]:2017-01-13 15:17:21ERROR:出错了
[TIME]:2017-01-13 15:18:53ERROR:出错了
[TIME]:2017-01-13 15:40:39ERROR:模板文件不存在
[TIME]:2017-01-13 15:40:56ERROR:E:/wamp/www/swiftphp/Home/Tpl/Index/tt.html模板文件不存在
[TIME]:2017-01-13 15:41:01ERROR:E:/wamp/www/swiftphp/Home/Tpl/Index/tt.html 模板文件不存在
[TIME]:2017-01-13 15:42:20ERROR:E:/wamp/www/swiftphp/Home/Tpl/Index/tt.html 模板文件不存在
[TIME]:2017-01-13 15:42:48ERROR:E:/wamp/www/swiftphp/Home/Tpl/Index/tt.html 模板文件不存在
